# JRE version: Java(TM) SE Runtime Environment (8.0_91-b15) (build 1.8.0_91-b15)
# Java VM: Java HotSpot(TM) 64-Bit Server VM (25.91-b15 mixed mode windows-amd64 compressed oops)
Heap:
 PSYoungGen      total 113664K, used 84150K [0x00000000f5580000, 0x0000000100000000, 0x0000000100000000)
  eden space 87552K, 96% used [0x00000000f5580000,0x00000000fa7ad888,0x00000000fab00000)
  from space 26112K, 0% used [0x00000000fab00000,0x00000000fab00000,0x00000000fc480000)
  to   space 27648K, 0% used [0x00000000fe500000,0x00000000fe500000,0x0000000100000000)
 ParOldGen       total 61952K, used 20151K [0x00000000e0000000, 0x00000000e3c80000, 0x00000000f5580000)
  object space 61952K, 32% used [0x00000000e0000000,0x00000000e13add08,0x00000000e3c80000)
 Metaspace       used 31369K, capacity 31720K, committed 32128K, reserved 1077248K
  class space    used 3544K, capacity 3677K, committed 3712K, reserved 1048576K
GC Heap History (10 events):
Event: 14.289 GC heap before
{Heap before GC invocations=10 (full 1):
 PSYoungGen      total 67072K, used 67057K [0x00000000f5580000, 0x00000000fa880000, 0x0000000100000000)
  eden space 59904K, 100% used [0x00000000f5580000,0x00000000f9000000,0x00000000f9000000)
  from space 7168K, 99% used [0x00000000f9a80000,0x00000000fa17c7e8,0x00000000fa180000)
  to   space 10752K, 0% used [0x00000000f9000000,0x00000000f9000000,0x00000000f9a80000)
 ParOldGen       total 30208K, used 18470K [0x00000000e0000000, 0x00000000e1d80000, 0x00000000f5580000)
  object space 30208K, 61% used [0x00000000e0000000,0x00000000e1209b58,0x00000000e1d80000)
 Metaspace       used 27239K, capacity 27466K, committed 27776K, reserved 1073152K
  class space    used 3099K, capacity 3168K, committed 3200K, reserved 1048576K
Event: 14.330 GC heap after
Heap after GC invocations=10 (full 1):
 PSYoungGen      total 70656K, used 10732K [0x00000000f5580000, 0x00000000fd800000, 0x0000000100000000)
  eden space 59904K, 0% used [0x00000000f5580000,0x00000000f5580000,0x00000000f9000000)
  from space 10752K, 99% used [0x00000000f9000000,0x00000000f9a7b218,0x00000000f9a80000)
  to   space 19968K, 0% used [0x00000000fc480000,0x00000000fc480000,0x00000000fd800000)
 ParOldGen       total 38400K, used 37650K [0x00000000e0000000, 0x00000000e2580000, 0x00000000f5580000)
  object space 38400K, 98% used [0x00000000e0000000,0x00000000e24c4b48,0x00000000e2580000)
 Metaspace       used 27239K, capacity 27466K, committed 27776K, reserved 1073152K
  class space    used 3099K, capacity 3168K, committed 3200K, reserved 1048576K
}
Event: 14.330 GC heap before
{Heap before GC invocations=11 (full 2):
 PSYoungGen      total 70656K, used 10732K [0x00000000f5580000, 0x00000000fd800000, 0x0000000100000000)
  eden space 59904K, 0% used [0x00000000f5580000,0x00000000f5580000,0x00000000f9000000)
  from space 10752K, 99% used [0x00000000f9000000,0x00000000f9a7b218,0x00000000f9a80000)
  to   space 19968K, 0% used [0x00000000fc480000,0x00000000fc480000,0x00000000fd800000)
 ParOldGen       total 38400K, used 37650K [0x00000000e0000000, 0x00000000e2580000, 0x00000000f5580000)
  object space 38400K, 98% used [0x00000000e0000000,0x00000000e24c4b48,0x00000000e2580000)
 Metaspace       used 27239K, capacity 27466K, committed 27776K, reserved 1073152K
  class space    used 3099K, capacity 3168K, committed 3200K, reserved 1048576K
Event: 14.405 GC heap after
Heap after GC invocations=11 (full 2):
 PSYoungGen      total 70656K, used 0K [0x00000000f5580000, 0x00000000fd800000, 0x0000000100000000)
  eden space 59904K, 0% used [0x00000000f5580000,0x00000000f5580000,0x00000000f9000000)
  from space 10752K, 0% used [0x00000000f9000000,0x00000000f9000000,0x00000000f9a80000)
  to   space 19968K, 0% used [0x00000000fc480000,0x00000000fc480000,0x00000000fd800000)
 ParOldGen       total 60416K, used 29488K [0x00000000e0000000, 0x00000000e3b00000, 0x00000000f5580000)
  object space 60416K, 48% used [0x00000000e0000000,0x00000000e1ccc158,0x00000000e3b00000)
 Metaspace       used 27239K, capacity 27466K, committed 27776K, reserved 1073152K
  class space    used 3099K, capacity 3168K, committed 3200K, reserved 1048576K
}
Event: 15.405 GC heap before
{Heap before GC invocations=12 (full 2):
 PSYoungGen      total 70656K, used 59904K [0x00000000f5580000, 0x00000000fd800000, 0x0000000100000000)
  eden space 59904K, 100% used [0x00000000f5580000,0x00000000f9000000,0x00000000f9000000)
  from space 10752K, 0% used [0x00000000f9000000,0x00000000f9000000,0x00000000f9a80000)
  to   space 19968K, 0% used [0x00000000fc480000,0x00000000fc480000,0x00000000fd800000)
 ParOldGen       total 60416K, used 29488K [0x00000000e0000000, 0x00000000e3b00000, 0x00000000f5580000)
  object space 60416K, 48% used [0x00000000e0000000,0x00000000e1ccc158,0x00000000e3b00000)
 Metaspace       used 27902K, capacity 28106K, committed 28288K, reserved 1075200K
  class space    used 3105K, capacity 3168K, committed 3200K, reserved 1048576K
Event: 15.425 GC heap after
Heap after GC invocations=12 (full 2):
 PSYoungGen      total 107520K, used 19945K [0x00000000f5580000, 0x00000000fe200000, 0x0000000100000000)
  eden space 87552K, 0% used [0x00000000f5580000,0x00000000f5580000,0x00000000fab00000)
  from space 19968K, 99% used [0x00000000fc480000,0x00000000fd7fa660,0x00000000fd800000)
  to   space 26112K, 0% used [0x00000000fab00000,0x00000000fab00000,0x00000000fc480000)
 ParOldGen       total 60416K, used 37271K [0x00000000e0000000, 0x00000000e3b00000, 0x00000000f5580000)
  object space 60416K, 61% used [0x00000000e0000000,0x00000000e2465df0,0x00000000e3b00000)
 Metaspace       used 27902K, capacity 28106K, committed 28288K, reserved 1075200K
  class space    used 3105K, capacity 3168K, committed 3200K, reserved 1048576K
}
Event: 16.889 GC heap before
{Heap before GC invocations=13 (full 2):
 PSYoungGen      total 107520K, used 107497K [0x00000000f5580000, 0x00000000fe200000, 0x0000000100000000)
  eden space 87552K, 100% used [0x00000000f5580000,0x00000000fab00000,0x00000000fab00000)
  from space 19968K, 99% used [0x00000000fc480000,0x00000000fd7fa660,0x00000000fd800000)
  to   space 26112K, 0% used [0x00000000fab00000,0x00000000fab00000,0x00000000fc480000)
 ParOldGen       total 60416K, used 37271K [0x00000000e0000000, 0x00000000e3b00000, 0x00000000f5580000)
  object space 60416K, 61% used [0x00000000e0000000,0x00000000e2465df0,0x00000000e3b00000)
 Metaspace       used 30173K, capacity 30496K, committed 30976K, reserved 1077248K
  class space    used 3389K, capacity 3469K, committed 3584K, reserved 1048576K
Event: 16.946 GC heap after
Heap after GC invocations=13 (full 2):
 PSYoungGen      total 113664K, used 18632K [0x00000000f5580000, 0x0000000100000000, 0x0000000100000000)
  eden space 87552K, 0% used [0x00000000f5580000,0x00000000f5580000,0x00000000fab00000)
  from space 26112K, 71% used [0x00000000fab00000,0x00000000fbd323f8,0x00000000fc480000)
  to   space 27648K, 0% used [0x00000000fe500000,0x00000000fe500000,0x0000000100000000)
 ParOldGen       total 60416K, used 59374K [0x00000000e0000000, 0x00000000e3b00000, 0x00000000f5580000)
  object space 60416K, 98% used [0x00000000e0000000,0x00000000e39fba08,0x00000000e3b00000)
 Metaspace       used 30173K, capacity 30496K, committed 30976K, reserved 1077248K
  class space    used 3389K, capacity 3469K, committed 3584K, reserved 1048576K
}
Event: 16.946 GC heap before
{Heap before GC invocations=14 (full 3):
 PSYoungGen      total 113664K, used 18632K [0x00000000f5580000, 0x0000000100000000, 0x0000000100000000)
  eden space 87552K, 0% used [0x00000000f5580000,0x00000000f5580000,0x00000000fab00000)
  from space 26112K, 71% used [0x00000000fab00000,0x00000000fbd323f8,0x00000000fc480000)
  to   space 27648K, 0% used [0x00000000fe500000,0x00000000fe500000,0x0000000100000000)
 ParOldGen       total 60416K, used 59374K [0x00000000e0000000, 0x00000000e3b00000, 0x00000000f5580000)
  object space 60416K, 98% used [0x00000000e0000000,0x00000000e39fba08,0x00000000e3b00000)
 Metaspace       used 30173K, capacity 30496K, committed 30976K, reserved 1077248K
  class space    used 3389K, capacity 3469K, committed 3584K, reserved 1048576K
Event: 17.111 GC heap after
Heap after GC invocations=14 (full 3):
 PSYoungGen      total 113664K, used 0K [0x00000000f5580000, 0x0000000100000000, 0x0000000100000000)
  eden space 87552K, 0% used [0x00000000f5580000,0x00000000f5580000,0x00000000fab00000)
  from space 26112K, 0% used [0x00000000fab00000,0x00000000fab00000,0x00000000fc480000)
  to   space 27648K, 0% used [0x00000000fe500000,0x00000000fe500000,0x0000000100000000)
 ParOldGen       total 61952K, used 20151K [0x00000000e0000000, 0x00000000e3c80000, 0x00000000f5580000)
  object space 61952K, 32% used [0x00000000e0000000,0x00000000e13add08,0x00000000e3c80000)
 Metaspace       used 30173K, capacity 30496K, committed 30976K, reserved 1077248K
  class space    used 3389K, capacity 3469K, committed 3584K, reserved 1048576K
}

