# JRE version: Java(TM) SE Runtime Environment (8.0_91-b15) (build 1.8.0_91-b15)
# Java VM: Java HotSpot(TM) 64-Bit Server VM (25.91-b15 mixed mode windows-amd64 compressed oops)
Heap:
 PSYoungGen      total 105472K, used 27519K [0x00000000f5580000, 0x00000000ffa80000, 0x0000000100000000)
  eden space 80384K, 34% used [0x00000000f5580000,0x00000000f705fc60,0x00000000fa400000)
  from space 25088K, 0% used [0x00000000fa400000,0x00000000fa400000,0x00000000fbc80000)
  to   space 27136K, 0% used [0x00000000fe000000,0x00000000fe000000,0x00000000ffa80000)
 ParOldGen       total 65536K, used 19775K [0x00000000e0000000, 0x00000000e4000000, 0x00000000f5580000)
  object space 65536K, 30% used [0x00000000e0000000,0x00000000e134ff50,0x00000000e4000000)
 Metaspace       used 30615K, capacity 30948K, committed 31232K, reserved 1077248K
  class space    used 3426K, capacity 3537K, committed 3584K, reserved 1048576K
GC Heap History (10 events):
Event: 11.458 GC heap before
{Heap before GC invocations=10 (full 1):
 PSYoungGen      total 64512K, used 64490K [0x00000000f5580000, 0x00000000fa580000, 0x0000000100000000)
  eden space 57344K, 100% used [0x00000000f5580000,0x00000000f8d80000,0x00000000f8d80000)
  from space 7168K, 99% used [0x00000000f9800000,0x00000000f9efaae0,0x00000000f9f00000)
  to   space 10752K, 0% used [0x00000000f8d80000,0x00000000f8d80000,0x00000000f9800000)
 ParOldGen       total 29696K, used 16072K [0x00000000e0000000, 0x00000000e1d00000, 0x00000000f5580000)
  object space 29696K, 54% used [0x00000000e0000000,0x00000000e0fb2360,0x00000000e1d00000)
 Metaspace       used 27176K, capacity 27446K, committed 27776K, reserved 1073152K
  class space    used 3096K, capacity 3168K, committed 3200K, reserved 1048576K
Event: 11.489 GC heap after
Heap after GC invocations=10 (full 1):
 PSYoungGen      total 68096K, used 10724K [0x00000000f5580000, 0x00000000fce80000, 0x0000000100000000)
  eden space 57344K, 0% used [0x00000000f5580000,0x00000000f5580000,0x00000000f8d80000)
  from space 10752K, 99% used [0x00000000f8d80000,0x00000000f97f9068,0x00000000f9800000)
  to   space 18432K, 0% used [0x00000000fbc80000,0x00000000fbc80000,0x00000000fce80000)
 ParOldGen       total 32256K, used 31841K [0x00000000e0000000, 0x00000000e1f80000, 0x00000000f5580000)
  object space 32256K, 98% used [0x00000000e0000000,0x00000000e1f187d0,0x00000000e1f80000)
 Metaspace       used 27176K, capacity 27446K, committed 27776K, reserved 1073152K
  class space    used 3096K, capacity 3168K, committed 3200K, reserved 1048576K
}
Event: 11.489 GC heap before
{Heap before GC invocations=11 (full 2):
 PSYoungGen      total 68096K, used 10724K [0x00000000f5580000, 0x00000000fce80000, 0x0000000100000000)
  eden space 57344K, 0% used [0x00000000f5580000,0x00000000f5580000,0x00000000f8d80000)
  from space 10752K, 99% used [0x00000000f8d80000,0x00000000f97f9068,0x00000000f9800000)
  to   space 18432K, 0% used [0x00000000fbc80000,0x00000000fbc80000,0x00000000fce80000)
 ParOldGen       total 32256K, used 31841K [0x00000000e0000000, 0x00000000e1f80000, 0x00000000f5580000)
  object space 32256K, 98% used [0x00000000e0000000,0x00000000e1f187d0,0x00000000e1f80000)
 Metaspace       used 27176K, capacity 27446K, committed 27776K, reserved 1073152K
  class space    used 3096K, capacity 3168K, committed 3200K, reserved 1048576K
Event: 11.602 GC heap after
Heap after GC invocations=11 (full 2):
 PSYoungGen      total 68096K, used 0K [0x00000000f5580000, 0x00000000fce80000, 0x0000000100000000)
  eden space 57344K, 0% used [0x00000000f5580000,0x00000000f5580000,0x00000000f8d80000)
  from space 10752K, 0% used [0x00000000f8d80000,0x00000000f8d80000,0x00000000f9800000)
  to   space 18432K, 0% used [0x00000000fbc80000,0x00000000fbc80000,0x00000000fce80000)
 ParOldGen       total 60928K, used 27972K [0x00000000e0000000, 0x00000000e3b80000, 0x00000000f5580000)
  object space 60928K, 45% used [0x00000000e0000000,0x00000000e1b510b0,0x00000000e3b80000)
 Metaspace       used 27176K, capacity 27446K, committed 27776K, reserved 1073152K
  class space    used 3096K, capacity 3168K, committed 3200K, reserved 1048576K
}
Event: 12.811 GC heap before
{Heap before GC invocations=12 (full 2):
 PSYoungGen      total 68096K, used 57344K [0x00000000f5580000, 0x00000000fce80000, 0x0000000100000000)
  eden space 57344K, 100% used [0x00000000f5580000,0x00000000f8d80000,0x00000000f8d80000)
  from space 10752K, 0% used [0x00000000f8d80000,0x00000000f8d80000,0x00000000f9800000)
  to   space 18432K, 0% used [0x00000000fbc80000,0x00000000fbc80000,0x00000000fce80000)
 ParOldGen       total 60928K, used 27972K [0x00000000e0000000, 0x00000000e3b80000, 0x00000000f5580000)
  object space 60928K, 45% used [0x00000000e0000000,0x00000000e1b510b0,0x00000000e3b80000)
 Metaspace       used 27857K, capacity 28150K, committed 28544K, reserved 1075200K
  class space    used 3104K, capacity 3168K, committed 3200K, reserved 1048576K
Event: 12.841 GC heap after
Heap after GC invocations=12 (full 2):
 PSYoungGen      total 98816K, used 18414K [0x00000000f5580000, 0x00000000fd700000, 0x0000000100000000)
  eden space 80384K, 0% used [0x00000000f5580000,0x00000000f5580000,0x00000000fa400000)
  from space 18432K, 99% used [0x00000000fbc80000,0x00000000fce7b830,0x00000000fce80000)
  to   space 25088K, 0% used [0x00000000fa400000,0x00000000fa400000,0x00000000fbc80000)
 ParOldGen       total 60928K, used 37199K [0x00000000e0000000, 0x00000000e3b80000, 0x00000000f5580000)
  object space 60928K, 61% used [0x00000000e0000000,0x00000000e2453ce8,0x00000000e3b80000)
 Metaspace       used 27857K, capacity 28150K, committed 28544K, reserved 1075200K
  class space    used 3104K, capacity 3168K, committed 3200K, reserved 1048576K
}
Event: 14.260 GC heap before
{Heap before GC invocations=13 (full 2):
 PSYoungGen      total 98816K, used 98798K [0x00000000f5580000, 0x00000000fd700000, 0x0000000100000000)
  eden space 80384K, 100% used [0x00000000f5580000,0x00000000fa400000,0x00000000fa400000)
  from space 18432K, 99% used [0x00000000fbc80000,0x00000000fce7b830,0x00000000fce80000)
  to   space 25088K, 0% used [0x00000000fa400000,0x00000000fa400000,0x00000000fbc80000)
 ParOldGen       total 60928K, used 37199K [0x00000000e0000000, 0x00000000e3b80000, 0x00000000f5580000)
  object space 60928K, 61% used [0x00000000e0000000,0x00000000e2453ce8,0x00000000e3b80000)
 Metaspace       used 30118K, capacity 30412K, committed 30720K, reserved 1077248K
  class space    used 3378K, capacity 3469K, committed 3584K, reserved 1048576K
Event: 14.304 GC heap after
Heap after GC invocations=13 (full 2):
 PSYoungGen      total 105472K, used 20446K [0x00000000f5580000, 0x00000000ffa80000, 0x0000000100000000)
  eden space 80384K, 0% used [0x00000000f5580000,0x00000000f5580000,0x00000000fa400000)
  from space 25088K, 81% used [0x00000000fa400000,0x00000000fb7f78d0,0x00000000fbc80000)
  to   space 27136K, 0% used [0x00000000fe000000,0x00000000fe000000,0x00000000ffa80000)
 ParOldGen       total 60928K, used 57390K [0x00000000e0000000, 0x00000000e3b80000, 0x00000000f5580000)
  object space 60928K, 94% used [0x00000000e0000000,0x00000000e380b938,0x00000000e3b80000)
 Metaspace       used 30118K, capacity 30412K, committed 30720K, reserved 1077248K
  class space    used 3378K, capacity 3469K, committed 3584K, reserved 1048576K
}
Event: 14.304 GC heap before
{Heap before GC invocations=14 (full 3):
 PSYoungGen      total 105472K, used 20446K [0x00000000f5580000, 0x00000000ffa80000, 0x0000000100000000)
  eden space 80384K, 0% used [0x00000000f5580000,0x00000000f5580000,0x00000000fa400000)
  from space 25088K, 81% used [0x00000000fa400000,0x00000000fb7f78d0,0x00000000fbc80000)
  to   space 27136K, 0% used [0x00000000fe000000,0x00000000fe000000,0x00000000ffa80000)
 ParOldGen       total 60928K, used 57390K [0x00000000e0000000, 0x00000000e3b80000, 0x00000000f5580000)
  object space 60928K, 94% used [0x00000000e0000000,0x00000000e380b938,0x00000000e3b80000)
 Metaspace       used 30118K, capacity 30412K, committed 30720K, reserved 1077248K
  class space    used 3378K, capacity 3469K, committed 3584K, reserved 1048576K
Event: 14.475 GC heap after
Heap after GC invocations=14 (full 3):
 PSYoungGen      total 105472K, used 0K [0x00000000f5580000, 0x00000000ffa80000, 0x0000000100000000)
  eden space 80384K, 0% used [0x00000000f5580000,0x00000000f5580000,0x00000000fa400000)
  from space 25088K, 0% used [0x00000000fa400000,0x00000000fa400000,0x00000000fbc80000)
  to   space 27136K, 0% used [0x00000000fe000000,0x00000000fe000000,0x00000000ffa80000)
 ParOldGen       total 65536K, used 19775K [0x00000000e0000000, 0x00000000e4000000, 0x00000000f5580000)
  object space 65536K, 30% used [0x00000000e0000000,0x00000000e134ff50,0x00000000e4000000)
 Metaspace       used 30118K, capacity 30412K, committed 30720K, reserved 1077248K
  class space    used 3378K, capacity 3469K, committed 3584K, reserved 1048576K
}

